# JRE version: OpenJDK Runtime Environment Temurin-17.0.2+8 (17.0.2+8) (build 17.0.2+8)
# Java VM: OpenJDK 64-Bit Server VM Temurin-17.0.2+8 (17.0.2+8, mixed mode, emulated-client, tiered, compressed oops, compressed class ptrs, g1 gc, windows-amd64)
GC Precious Log:
 CPUs: 4 total, 4 available
 Memory: 8150M
 Large Page Support: Disabled
 NUMA Support: Disabled
 Compressed Oops: Enabled (32-bit)
 Heap Region Size: 1M
 Heap Min Capacity: 8M
 Heap Initial Capacity: 128M
 Heap Max Capacity: 2038M
 Pre-touch: Disabled
 Parallel Workers: 4
 Concurrent Workers: 1
 Concurrent Refinement Workers: 4
 Periodic GC: Disabled
Heap:
 garbage-first heap   total 131072K, used 48122K [0x0000000080a00000, 0x0000000100000000)
  region size 1024K, 2 young (2048K), 2 survivors (2048K)
 Metaspace       used 62215K, committed 62720K, reserved 1105920K
  class space    used 8427K, committed 8640K, reserved 1048576K
GC Heap History (20 events):
Event: 6.886 GC heap after
{Heap after GC invocations=16 (full 0):
 garbage-first heap   total 58368K, used 21143K [0x0000000080a00000, 0x0000000100000000)
  region size 1024K, 4 young (4096K), 4 survivors (4096K)
 Metaspace       used 53477K, committed 53824K, reserved 1097728K
  class space    used 7076K, committed 7232K, reserved 1048576K
}
Event: 7.705 GC heap before
{Heap before GC invocations=16 (full 0):
 garbage-first heap   total 58368K, used 44695K [0x0000000080a00000, 0x0000000100000000)
  region size 1024K, 27 young (27648K), 4 survivors (4096K)
 Metaspace       used 58518K, committed 58944K, reserved 1105920K
  class space    used 7897K, committed 8064K, reserved 1048576K
}
Event: 7.711 GC heap after
{Heap after GC invocations=17 (full 0):
 garbage-first heap   total 58368K, used 22465K [0x0000000080a00000, 0x0000000100000000)
  region size 1024K, 3 young (3072K), 3 survivors (3072K)
 Metaspace       used 58518K, committed 58944K, reserved 1105920K
  class space    used 7897K, committed 8064K, reserved 1048576K
}
Event: 8.407 GC heap before
{Heap before GC invocations=17 (full 0):
 garbage-first heap   total 58368K, used 33729K [0x0000000080a00000, 0x0000000100000000)
  region size 1024K, 15 young (15360K), 3 survivors (3072K)
 Metaspace       used 60186K, committed 60608K, reserved 1105920K
  class space    used 8136K, committed 8384K, reserved 1048576K
}
Event: 8.412 GC heap after
{Heap after GC invocations=18 (full 0):
 garbage-first heap   total 58368K, used 23635K [0x0000000080a00000, 0x0000000100000000)
  region size 1024K, 3 young (3072K), 3 survivors (3072K)
 Metaspace       used 60186K, committed 60608K, reserved 1105920K
  class space    used 8136K, committed 8384K, reserved 1048576K
}
Event: 9.046 GC heap before
{Heap before GC invocations=19 (full 0):
 garbage-first heap   total 58368K, used 46163K [0x0000000080a00000, 0x0000000100000000)
  region size 1024K, 25 young (25600K), 3 survivors (3072K)
 Metaspace       used 62122K, committed 62592K, reserved 1105920K
  class space    used 8414K, committed 8640K, reserved 1048576K
}
Event: 9.053 GC heap after
{Heap after GC invocations=20 (full 0):
 garbage-first heap   total 58368K, used 27821K [0x0000000080a00000, 0x0000000100000000)
  region size 1024K, 4 young (4096K), 4 survivors (4096K)
 Metaspace       used 62122K, committed 62592K, reserved 1105920K
  class space    used 8414K, committed 8640K, reserved 1048576K
}
Event: 9.059 GC heap before
{Heap before GC invocations=20 (full 0):
 garbage-first heap   total 58368K, used 28845K [0x0000000080a00000, 0x0000000100000000)
  region size 1024K, 5 young (5120K), 4 survivors (4096K)
 Metaspace       used 62122K, committed 62592K, reserved 1105920K
  class space    used 8414K, committed 8640K, reserved 1048576K
}
Event: 9.066 GC heap after
{Heap after GC invocations=21 (full 0):
 garbage-first heap   total 58368K, used 28685K [0x0000000080a00000, 0x0000000100000000)
  region size 1024K, 1 young (1024K), 1 survivors (1024K)
 Metaspace       used 62122K, committed 62592K, reserved 1105920K
  class space    used 8414K, committed 8640K, reserved 1048576K
}
Event: 9.149 GC heap before
{Heap before GC invocations=21 (full 0):
 garbage-first heap   total 58368K, used 44045K [0x0000000080a00000, 0x0000000100000000)
  region size 1024K, 17 young (17408K), 1 survivors (1024K)
 Metaspace       used 62122K, committed 62592K, reserved 1105920K
  class space    used 8414K, committed 8640K, reserved 1048576K
}
Event: 9.154 GC heap after
{Heap after GC invocations=22 (full 0):
 garbage-first heap   total 70656K, used 31772K [0x0000000080a00000, 0x0000000100000000)
  region size 1024K, 3 young (3072K), 3 survivors (3072K)
 Metaspace       used 62122K, committed 62592K, reserved 1105920K
  class space    used 8414K, committed 8640K, reserved 1048576K
}
Event: 9.351 GC heap before
{Heap before GC invocations=23 (full 0):
 garbage-first heap   total 70656K, used 53276K [0x0000000080a00000, 0x0000000100000000)
  region size 1024K, 24 young (24576K), 3 survivors (3072K)
 Metaspace       used 62206K, committed 62656K, reserved 1105920K
  class space    used 8425K, committed 8640K, reserved 1048576K
}
Event: 9.360 GC heap after
{Heap after GC invocations=24 (full 0):
 garbage-first heap   total 70656K, used 36864K [0x0000000080a00000, 0x0000000100000000)
  region size 1024K, 3 young (3072K), 3 survivors (3072K)
 Metaspace       used 62206K, committed 62656K, reserved 1105920K
  class space    used 8425K, committed 8640K, reserved 1048576K
}
Event: 9.367 GC heap before
{Heap before GC invocations=24 (full 0):
 garbage-first heap   total 70656K, used 37888K [0x0000000080a00000, 0x0000000100000000)
  region size 1024K, 4 young (4096K), 3 survivors (3072K)
 Metaspace       used 62206K, committed 62656K, reserved 1105920K
  class space    used 8425K, committed 8640K, reserved 1048576K
}
Event: 9.371 GC heap after
{Heap after GC invocations=25 (full 0):
 garbage-first heap   total 70656K, used 37449K [0x0000000080a00000, 0x0000000100000000)
  region size 1024K, 1 young (1024K), 1 survivors (1024K)
 Metaspace       used 62206K, committed 62656K, reserved 1105920K
  class space    used 8425K, committed 8640K, reserved 1048576K
}
Event: 9.422 GC heap before
{Heap before GC invocations=25 (full 0):
 garbage-first heap   total 70656K, used 53833K [0x0000000080a00000, 0x0000000100000000)
  region size 1024K, 17 young (17408K), 1 survivors (1024K)
 Metaspace       used 62206K, committed 62656K, reserved 1105920K
  class space    used 8425K, committed 8640K, reserved 1048576K
}
Event: 9.428 GC heap after
{Heap after GC invocations=26 (full 0):
 garbage-first heap   total 70656K, used 42780K [0x0000000080a00000, 0x0000000100000000)
  region size 1024K, 3 young (3072K), 3 survivors (3072K)
 Metaspace       used 62206K, committed 62656K, reserved 1105920K
  class space    used 8425K, committed 8640K, reserved 1048576K
}
Event: 9.557 GC heap before
{Heap before GC invocations=26 (full 0):
 garbage-first heap   total 70656K, used 55068K [0x0000000080a00000, 0x0000000100000000)
  region size 1024K, 15 young (15360K), 3 survivors (3072K)
 Metaspace       used 62215K, committed 62720K, reserved 1105920K
  class space    used 8427K, committed 8640K, reserved 1048576K
}
Event: 9.563 GC heap after
{Heap after GC invocations=27 (full 0):
 garbage-first heap   total 70656K, used 45459K [0x0000000080a00000, 0x0000000100000000)
  region size 1024K, 2 young (2048K), 2 survivors (2048K)
 Metaspace       used 62215K, committed 62720K, reserved 1105920K
  class space    used 8427K, committed 8640K, reserved 1048576K
}
Event: 9.623 GC heap before
{Heap before GC invocations=27 (full 0):
 garbage-first heap   total 70656K, used 54675K [0x0000000080a00000, 0x0000000100000000)
  region size 1024K, 12 young (12288K), 2 survivors (2048K)
 Metaspace       used 62215K, committed 62720K, reserved 1105920K
  class space    used 8427K, committed 8640K, reserved 1048576K
}

